<?xml version="1.0" encoding="UTF-8"?>
<!-- Generated by org.testng.reporters.JUnitReportReporter -->
<testsuite skipped="0" hostname="ip-10-21-2-209.ec2.internal" name="Parallel04IT" tests="1" failures="0" timestamp="04 Feb 2019 14:32:34 GMT" time="0.161" errors="0">
  <testcase name="feature" time="0.161" classname="Parallel04IT"/>
</testsuite> <!-- Parallel04IT -->
